[debug] [2022-08-08T09:36:07.147Z] ----------------------------------------------------------------------
[debug] [2022-08-08T09:36:07.148Z] Command:       /usr/local/bin/node /opt/homebrew/bin/firebase init
[debug] [2022-08-08T09:36:07.148Z] CLI Version:   11.4.2
[debug] [2022-08-08T09:36:07.148Z] Platform:      darwin
[debug] [2022-08-08T09:36:07.148Z] Node Version:  v16.15.0
[debug] [2022-08-08T09:36:07.149Z] Time:          Mon Aug 08 2022 15:06:07 GMT+0530 (India Standard Time)
[debug] [2022-08-08T09:36:07.150Z] ----------------------------------------------------------------------
[debug] 
[debug] [2022-08-08T09:36:07.154Z] > command requires scopes: ["email","openid","https://www.googleapis.com/auth/cloudplatformprojects.readonly","https://www.googleapis.com/auth/firebase","https://www.googleapis.com/auth/cloud-platform"]
[debug] [2022-08-08T09:36:07.155Z] > authorizing via signed-in user (abhishekmohan7171@gmail.com)
[info] 
     ######## #### ########  ######## ########     ###     ######  ########
     ##        ##  ##     ## ##       ##     ##  ##   ##  ##       ##
     ######    ##  ########  ######   ########  #########  ######  ######
     ##        ##  ##    ##  ##       ##     ## ##     ##       ## ##
     ##       #### ##     ## ######## ########  ##     ##  ######  ########

You're about to initialize a Firebase project in this directory:

  /Users/abhishekmohan/Surfboard/myBeats

[info] 
=== Project Setup
[info] 
[info] First, let's associate this project directory with a Firebase project.
[info] You can create multiple project aliases by running firebase use --add, 
[info] but for now we'll just set up a default project.
[info] 
[debug] [2022-08-08T09:36:39.235Z] >>> [apiv2][query] GET https://firebase.googleapis.com/v1beta1/projects pageSize=100
[debug] [2022-08-08T09:36:39.929Z] <<< [apiv2][status] GET https://firebase.googleapis.com/v1beta1/projects 200
[debug] [2022-08-08T09:36:39.930Z] <<< [apiv2][body] GET https://firebase.googleapis.com/v1beta1/projects [omitted]
[info] i  Using project mybeats-8eaa4 (myBeats) 
[info] 
=== Hosting Setup
[info] 
[info] Your public directory is the folder (relative to your project directory) that
[info] will contain Hosting assets to be uploaded with firebase deploy. If you
[info] have a build process for your assets, use your build's output directory.
[info] 
[debug] [2022-08-08T09:37:24.168Z] >>> [apiv2][query] GET https://www.gstatic.com/firebasejs/releases.json [none]
[debug] [2022-08-08T09:37:24.224Z] <<< [apiv2][status] GET https://www.gstatic.com/firebasejs/releases.json 200
[debug] [2022-08-08T09:37:24.225Z] <<< [apiv2][body] GET https://www.gstatic.com/firebasejs/releases.json {"current":{"version":"9.9.2","browserURL":"https://www.gstatic.com/firebasejs/9.9.2/firebase.js","packageURL":"https://www.gstatic.com/firebasejs/9.9.2/firebase.tgz"},"live":{"version":"9.9","browserURL":"https://www.gstatic.com/firebasejs/live/9.9/firebase.js","packageURL":"https://www.gstatic.com/firebasejs/live/9.9/firebase.tgz"},"components":{"analytics":"https://www.gstatic.com/firebasejs/9.9.2/firebase-analytics.js","app":"https://www.gstatic.com/firebasejs/9.9.2/firebase-app.js","app-check":"https://www.gstatic.com/firebasejs/9.9.2/firebase-app-check.js","auth":"https://www.gstatic.com/firebasejs/9.9.2/firebase-auth.js","auth/cordova":"https://www.gstatic.com/firebasejs/9.9.2/firebase-auth/cordova.js","auth/react-native":"https://www.gstatic.com/firebasejs/9.9.2/firebase-auth/react-native.js","functions":"https://www.gstatic.com/firebasejs/9.9.2/firebase-functions.js","firestore":"https://www.gstatic.com/firebasejs/9.9.2/firebase-firestore.js","firestore/lite":"https://www.gstatic.com/firebasejs/9.9.2/firebase-firestore/lite.js","installations":"https://www.gstatic.com/firebasejs/9.9.2/firebase-installations.js","storage":"https://www.gstatic.com/firebasejs/9.9.2/firebase-storage.js","performance":"https://www.gstatic.com/firebasejs/9.9.2/firebase-performance.js","remote-config":"https://www.gstatic.com/firebasejs/9.9.2/firebase-remote-config.js","messaging":"https://www.gstatic.com/firebasejs/9.9.2/firebase-messaging.js","messaging/sw":"https://www.gstatic.com/firebasejs/9.9.2/firebase-messaging/sw.js","database":"https://www.gstatic.com/firebasejs/9.9.2/firebase-database.js","firestore.memory":"https://www.gstatic.com/firebasejs/9.9.2/firebase-firestore.memory.js"}}
[info] ✔  Wrote public/index.html 
[info] 
[info] i  Detected a .git folder at /Users/abhishekmohan/Surfboard/myBeats 
[info] i  Authorizing with GitHub to upload your service account to a GitHub repository's secrets store. 
[info] 
[info] Visit this URL on this device to log in:
[info] https://github.com/login/oauth/authorize?client_id=89cf50f02ac6aaed3484&state=234362300&redirect_uri=http%3A%2F%2Flocalhost%3A9005&scope=read%3Auser%20repo%20public_repo
[info] 
[info] Waiting for authentication...
[debug] [2022-08-08T09:37:36.816Z] >>> [apiv2][query] POST https://github.com/login/oauth/access_token [none]
[debug] [2022-08-08T09:37:36.816Z] >>> [apiv2][body] POST https://github.com/login/oauth/access_token [stream]
[debug] [2022-08-08T09:37:37.268Z] <<< [apiv2][status] POST https://github.com/login/oauth/access_token 200
[debug] [2022-08-08T09:37:37.268Z] <<< [apiv2][body] POST https://github.com/login/oauth/access_token {"access_token":"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","token_type":"bearer","scope":"read:user,repo"}
[debug] [2022-08-08T09:37:37.282Z] >>> [apiv2][query] GET https://api.github.com/user [none]
[debug] [2022-08-08T09:37:37.704Z] <<< [apiv2][status] GET https://api.github.com/user 200
[debug] [2022-08-08T09:37:37.704Z] <<< [apiv2][body] GET https://api.github.com/user {"login":"Abhishekmohan7171","id":63260578,"node_id":"MDQ6VXNlcjYzMjYwNTc4","avatar_url":"https://avatars.githubusercontent.com/u/63260578?v=4","gravatar_id":"","url":"https://api.github.com/users/Abhishekmohan7171","html_url":"https://github.com/Abhishekmohan7171","followers_url":"https://api.github.com/users/Abhishekmohan7171/followers","following_url":"https://api.github.com/users/Abhishekmohan7171/following{/other_user}","gists_url":"https://api.github.com/users/Abhishekmohan7171/gists{/gist_id}","starred_url":"https://api.github.com/users/Abhishekmohan7171/starred{/owner}{/repo}","subscriptions_url":"https://api.github.com/users/Abhishekmohan7171/subscriptions","organizations_url":"https://api.github.com/users/Abhishekmohan7171/orgs","repos_url":"https://api.github.com/users/Abhishekmohan7171/repos","events_url":"https://api.github.com/users/Abhishekmohan7171/events{/privacy}","received_events_url":"https://api.github.com/users/Abhishekmohan7171/received_events","type":"User","site_admin":false,"name":"Abhishek Mohan A","company":"SRM-IST || Surfboard Payments","blog":"https://abhishekmohan.netlify.app/","location":"Calicut, Kerala","email":null,"hireable":null,"bio":"UI/UX enthusiast with skills such as Angular, CSS, JavaScript,Python Programming Language and Web designing.","twitter_username":null,"public_repos":74,"public_gists":1,"followers":7,"following":13,"created_at":"2020-04-06T19:25:58Z","updated_at":"2022-07-28T13:14:34Z","private_gists":0,"total_private_repos":0,"owned_private_repos":0,"disk_usage":97179,"collaborators":0,"two_factor_authentication":false,"plan":{"name":"free","space":976562499,"collaborators":0,"private_repos":10000}}
[info] 
[info] ✔  Success! Logged into GitHub as Abhishekmohan7171 
[info] 
[debug] [2022-08-08T09:37:47.921Z] >>> [apiv2][query] GET https://api.github.com/repos//actions/secrets/public-key type=owner
[debug] [2022-08-08T09:37:48.326Z] <<< [apiv2][status] GET https://api.github.com/repos//actions/secrets/public-key 404
[debug] [2022-08-08T09:37:48.327Z] <<< [apiv2][body] GET https://api.github.com/repos//actions/secrets/public-key {"message":"Not Found","documentation_url":"https://docs.github.com/rest"}
[debug] [2022-08-08T09:37:49.951Z] >>> [apiv2][query] GET https://api.github.com/repos//actions/secrets/public-key type=owner
[debug] [2022-08-08T09:37:50.262Z] <<< [apiv2][status] GET https://api.github.com/repos//actions/secrets/public-key 404
[debug] [2022-08-08T09:37:50.262Z] <<< [apiv2][body] GET https://api.github.com/repos//actions/secrets/public-key {"message":"Not Found","documentation_url":"https://docs.github.com/rest"}
